GROUP,PACKAGE,CLASS,INSTRUCTION_MISSED,INSTRUCTION_COVERED,BRANCH_MISSED,BRANCH_COVERED,LINE_MISSED,LINE_COVERED,COMPLEXITY_MISSED,COMPLEXITY_COVERED,METHOD_MISSED,METHOD_COVERED
2048-game,ar.edu.unrc.game2048,Cell,31,142,8,30,7,23,7,23,2,9
2048-game,ar.edu.unrc.game2048,Board.Direction,0,44,0,0,0,2,0,1,0,1
2048-game,ar.edu.unrc.game2048,Board,210,1040,45,127,38,189,34,78,5,21
2048-game,ar.edu.unrc.game2048,Board.Position,19,54,6,4,3,9,4,5,0,4
2048-game,ar.edu.unrc.game2048,MainCLI,142,0,13,0,44,0,12,0,4,0
